[0.001][INFO]:      ChromeDriver 23.0.1240.0 /usr/local/bin/chromedriver-23
[0.564][FINE]:      Initializing session with capabilities {
   "browserName": "chrome",
   "platform": "ANY",
   "version": ""
}

[0.564][INFO]:      Launching chrome: /opt/google/chrome/google-chrome --enable-logging --log-level=1 --disable-hang-monitor --disable-prompt-on-repost --dom-automation --full-memory-crash-report --no-default-browser-check --no-first-run --disable-background-networking --disable-sync --disable-translate --disable-web-resources --safebrowsing-disable-auto-update --safebrowsing-disable-download-protection --disable-client-side-phishing-detection --disable-component-update --disable-default-apps --password-store=basic --ignore-certificate-errors about:blank
[1.464][INFO]:      Connected to Chrome successfully. Version: 27.0.1453.110
[1.506][FINE]:      Command received (/session/4ff54002298f5aee05a02c99c95dea0c)
[1.507][FINE]:      Command finished (/session/4ff54002298f5aee05a02c99c95dea0c) with response {
   "sessionId": "4ff54002298f5aee05a02c99c95dea0c",
   "status": 0,
   "value": {
      "acceptSslCerts": false,
      "applicationCacheEnabled": false,
      "browserConnectionEnabled": false,
      "browserName": "chrome",
      "chrome.chromedriverVersion": "23.0.1240.0",
      "chrome.nativeEvents": false,
      "cssSelectorsEnabled": true,
      "databaseEnabled": false,
      "handlesAlerts": true,
      "javascriptEnabled": true,
      "locationContextEnabled": false,
      "nativeEvents": true,
      "platform": "linux",
      "rotatable": false,
      "takesScreenshot": true,
      "version": "27.0.1453.110",
      "webStorageEnabled": true
   }
}

[1.681][FINE]:      Command received (/session/4ff54002298f5aee05a02c99c95dea0c/window/current/size) with params {
   "height": 900,
   "width": 1440,
   "windowHandle": "current"
}

[1.681][FINER]:     Waiting for all views to stop loading...
[1.681][FINER]:     Done waiting for all views to stop loading
[1.688][FINER]:     Waiting for all views to stop loading...
[1.689][FINER]:     Done waiting for all views to stop loading
[1.689][FINE]:      Command finished (/session/4ff54002298f5aee05a02c99c95dea0c/window/current/size) with response {
   "sessionId": "4ff54002298f5aee05a02c99c95dea0c",
   "status": 0,
   "value": {

   }
}

[1.692][FINE]:      Command received (/session/4ff54002298f5aee05a02c99c95dea0c/window/current/size) with params {
   "height": 900,
   "width": 1440,
   "windowHandle": "current"
}

[1.692][FINER]:     Waiting for all views to stop loading...
[1.693][FINER]:     Done waiting for all views to stop loading
[1.717][FINER]:     Waiting for all views to stop loading...
[1.717][FINER]:     Done waiting for all views to stop loading
[1.717][FINE]:      Command finished (/session/4ff54002298f5aee05a02c99c95dea0c/window/current/size) with response {
   "sessionId": "4ff54002298f5aee05a02c99c95dea0c",
   "status": 0,
   "value": {

   }
}

[1.792][FINE]:      Command received (/session/4ff54002298f5aee05a02c99c95dea0c/url) with params {
   "url": "http://10.34.130.169:8080/arquillian-browsers-scenario/"
}

[1.792][FINER]:     Waiting for all views to stop loading...
[1.792][FINER]:     Done waiting for all views to stop loading
[2.005][FINER]:     Waiting for all views to stop loading...
[2.007][FINER]:     Done waiting for all views to stop loading
[2.007][FINE]:      Command finished (/session/4ff54002298f5aee05a02c99c95dea0c/url) with response {
   "sessionId": "4ff54002298f5aee05a02c99c95dea0c",
   "status": 0,
   "value": {

   }
}

[2.030][FINE]:      Command received (/session/4ff54002298f5aee05a02c99c95dea0c/element) with params {
   "using": "id",
   "value": "name"
}

[2.030][FINER]:     Waiting for all views to stop loading...
[2.032][FINER]:     Done waiting for all views to stop loading
[2.083][FINER]:     Waiting for all views to stop loading...
[2.083][FINER]:     Done waiting for all views to stop loading
[2.083][FINE]:      Command finished (/session/4ff54002298f5aee05a02c99c95dea0c/element) with response {
   "sessionId": "4ff54002298f5aee05a02c99c95dea0c",
   "status": 0,
   "value": {
      "ELEMENT": ":wdc:1381304766418"
   }
}

[2.087][FINE]:      Command received (/session/4ff54002298f5aee05a02c99c95dea0c/element/:wdc:1381304766418/value) with params {
   "id": ":wdc:1381304766418",
   "value": [ "Samuel" ]
}

[2.088][FINER]:     Waiting for all views to stop loading...
[2.088][FINER]:     Done waiting for all views to stop loading
[2.167][FINER]:     Waiting for all views to stop loading...
[2.167][FINER]:     Done waiting for all views to stop loading
[2.167][FINE]:      Command finished (/session/4ff54002298f5aee05a02c99c95dea0c/element/:wdc:1381304766418/value) with response {
   "sessionId": "4ff54002298f5aee05a02c99c95dea0c",
   "status": 0,
   "value": {

   }
}

[2.169][FINE]:      Command received (/session/4ff54002298f5aee05a02c99c95dea0c/element) with params {
   "using": "id",
   "value": "email"
}

[2.169][FINER]:     Waiting for all views to stop loading...
[2.169][FINER]:     Done waiting for all views to stop loading
[2.177][FINER]:     Waiting for all views to stop loading...
[2.177][FINER]:     Done waiting for all views to stop loading
[2.177][FINE]:      Command finished (/session/4ff54002298f5aee05a02c99c95dea0c/element) with response {
   "sessionId": "4ff54002298f5aee05a02c99c95dea0c",
   "status": 0,
   "value": {
      "ELEMENT": ":wdc:1381304766419"
   }
}

[2.179][FINE]:      Command received (/session/4ff54002298f5aee05a02c99c95dea0c/element/:wdc:1381304766419/value) with params {
   "id": ":wdc:1381304766419",
   "value": [ "samuel@vimes.dw" ]
}

[2.179][FINER]:     Waiting for all views to stop loading...
[2.180][FINER]:     Done waiting for all views to stop loading
[2.276][FINER]:     Waiting for all views to stop loading...
[2.276][FINER]:     Done waiting for all views to stop loading
[2.276][FINE]:      Command finished (/session/4ff54002298f5aee05a02c99c95dea0c/element/:wdc:1381304766419/value) with response {
   "sessionId": "4ff54002298f5aee05a02c99c95dea0c",
   "status": 0,
   "value": {

   }
}

[2.279][FINE]:      Command received (/session/4ff54002298f5aee05a02c99c95dea0c/element) with params {
   "using": "id",
   "value": "phoneNumber"
}

[2.279][FINER]:     Waiting for all views to stop loading...
[2.279][FINER]:     Done waiting for all views to stop loading
[2.288][FINER]:     Waiting for all views to stop loading...
[2.288][FINER]:     Done waiting for all views to stop loading
[2.288][FINE]:      Command finished (/session/4ff54002298f5aee05a02c99c95dea0c/element) with response {
   "sessionId": "4ff54002298f5aee05a02c99c95dea0c",
   "status": 0,
   "value": {
      "ELEMENT": ":wdc:1381304766420"
   }
}

[2.290][FINE]:      Command received (/session/4ff54002298f5aee05a02c99c95dea0c/element/:wdc:1381304766420/value) with params {
   "id": ":wdc:1381304766420",
   "value": [ "1234567890" ]
}

[2.290][FINER]:     Waiting for all views to stop loading...
[2.290][FINER]:     Done waiting for all views to stop loading
[2.360][FINER]:     Waiting for all views to stop loading...
[2.360][FINER]:     Done waiting for all views to stop loading
[2.360][FINE]:      Command finished (/session/4ff54002298f5aee05a02c99c95dea0c/element/:wdc:1381304766420/value) with response {
   "sessionId": "4ff54002298f5aee05a02c99c95dea0c",
   "status": 0,
   "value": {

   }
}

[2.362][FINE]:      Command received (/session/4ff54002298f5aee05a02c99c95dea0c/element) with params {
   "using": "id",
   "value": "register"
}

[2.362][FINER]:     Waiting for all views to stop loading...
[2.363][FINER]:     Done waiting for all views to stop loading
[2.372][FINER]:     Waiting for all views to stop loading...
[2.372][FINER]:     Done waiting for all views to stop loading
[2.372][FINE]:      Command finished (/session/4ff54002298f5aee05a02c99c95dea0c/element) with response {
   "sessionId": "4ff54002298f5aee05a02c99c95dea0c",
   "status": 0,
   "value": {
      "ELEMENT": ":wdc:1381304766421"
   }
}

[2.374][FINE]:      Command received (/session/4ff54002298f5aee05a02c99c95dea0c/element/:wdc:1381304766421/submit) with params {
   "id": ":wdc:1381304766421"
}

[2.374][FINER]:     Waiting for all views to stop loading...
[2.374][FINER]:     Done waiting for all views to stop loading
[2.396][FINER]:     Waiting for all views to stop loading...
[2.397][FINER]:     Done waiting for all views to stop loading
[2.397][FINE]:      Command finished (/session/4ff54002298f5aee05a02c99c95dea0c/element/:wdc:1381304766421/submit) with response {
   "sessionId": "4ff54002298f5aee05a02c99c95dea0c",
   "status": 0,
   "value": null
}

[2.405][FINE]:      Command received (/session/4ff54002298f5aee05a02c99c95dea0c/element) with params {
   "using": "css selector",
   "value": "span.success"
}

[2.405][FINER]:     Waiting for all views to stop loading...
[2.405][FINER]:     Done waiting for all views to stop loading
[2.429][FINER]:     Waiting for all views to stop loading...
[2.429][FINER]:     Done waiting for all views to stop loading
[2.429][WARNING]:   Command finished (/session/4ff54002298f5aee05a02c99c95dea0c/element) with response {
   "sessionId": "4ff54002298f5aee05a02c99c95dea0c",
   "status": 7,
   "value": {
      "message": "The element could not be found"
   }
}

[2.933][FINE]:      Command received (/session/4ff54002298f5aee05a02c99c95dea0c/element) with params {
   "using": "css selector",
   "value": "span.success"
}

[2.933][FINER]:     Waiting for all views to stop loading...
[2.933][FINER]:     Done waiting for all views to stop loading
[2.936][FINER]:     Waiting for all views to stop loading...
[2.936][FINER]:     Done waiting for all views to stop loading
[2.936][FINE]:      Command finished (/session/4ff54002298f5aee05a02c99c95dea0c/element) with response {
   "sessionId": "4ff54002298f5aee05a02c99c95dea0c",
   "status": 0,
   "value": {
      "ELEMENT": ":wdc:1381304766422"
   }
}

[2.938][FINE]:      Command received (/session/4ff54002298f5aee05a02c99c95dea0c/element/:wdc:1381304766422/displayed)
[2.938][FINER]:     Waiting for all views to stop loading...
[2.938][FINER]:     Done waiting for all views to stop loading
[2.949][FINER]:     Waiting for all views to stop loading...
[2.949][FINER]:     Done waiting for all views to stop loading
[2.949][FINE]:      Command finished (/session/4ff54002298f5aee05a02c99c95dea0c/element/:wdc:1381304766422/displayed) with response {
   "sessionId": "4ff54002298f5aee05a02c99c95dea0c",
   "status": 0,
   "value": true
}

[2.958][FINE]:      Command received (/session/4ff54002298f5aee05a02c99c95dea0c)
[3.056][INFO]:      Chrome shutdown
